19:25:41: Creating resource group General
19:25:41: Creating resource group Internal
19:25:41: Creating resource group Autodetect
19:25:41: Registering ResourceManager for type Mesh
19:25:41: Registering ResourceManager for type Material
19:25:41: Registering ResourceManager for type Skeleton
19:25:41: XMLMeshSerializer reading mesh data from C:\Users\Ringwall\Desktop\openclonk\planet\Objects.c4d\Items.c4d\Tools.c4d\Balloon.c4d\BalloonDeployed.c4d\Magic_Balloon.mesh.xml...
19:25:41: Reading submeshes...
19:25:41: Reading geometry...
19:25:41: Geometry done...
19:25:41: Reading bone assignments...
19:25:41: Bone assignments done.
19:25:41: Submeshes done.
19:25:41: Skeleton: Loading Magic_Balloon.skeleton
19:25:41: OGRE EXCEPTION(6:FileNotFoundException): Cannot locate resource Magic_Balloon.skeleton in resource group General or any other group. in ResourceGroupManager::openResource at ..\src\OgreResourceGroupManager.cpp (line 753)
19:25:41: Unable to load skeleton Magic_Balloon.skeleton for Mesh conversion. This Mesh will not be animated. You can ignore this message if you are using an offline tool.
19:25:41: XMLMeshSerializer import successful.
19:25:41: Reorganising vertex buffers to automatic layout..
19:25:41: MeshSerializer writing mesh data to C:\Users\Ringwall\Desktop\openclonk\planet\Objects.c4d\Items.c4d\Tools.c4d\Balloon.c4d\BalloonDeployed.c4d\Magic_Balloon.mesh...
19:25:41: File header written.
19:25:41: Writing mesh data...
19:25:41: Writing submesh...
19:25:41: Exporting submesh texture aliases...
19:25:41: Submesh texture aliases exported.
19:25:41: Exporting dedicated geometry bone assignments...
19:25:41: Dedicated geometry bone assignments exported.
19:25:41: Submesh exported.
19:25:41: Exporting skeleton link...
19:25:41: Skeleton link exported.
19:25:41: Exporting bounds information....
19:25:41: Bounds information exported.
19:25:41: Exporting submesh name table...
19:25:41: Submesh name table exported.
19:25:41: Exporting edge lists...
19:25:41: Edge lists exported
19:25:41: Mesh data exported.
19:25:41: MeshSerializer export successful.
19:25:41: Unregistering ResourceManager for type Skeleton
19:25:41: Unregistering ResourceManager for type Material
19:25:41: Unregistering ResourceManager for type Mesh
